<?xml version="1.0" encoding="UTF-8"?>
<!-- Generated by org.testng.reporters.JUnitXMLReporter -->
<testsuite hostname="hp" ignored="2" name="chromeBrowser" tests="2" failures="1" timestamp="10 Jul 2020 15:00:18 GMT" time="45.444" errors="0">
  <testcase name="TC_01_logoFunctionality" time="6.189" classname="com.Learning.TestCases.Imaritucs_01_CourseSelector"/>
  <testcase name="TC_02_CourseSelector" time="7.193" classname="com.Learning.TestCases.Imaritucs_01_CourseSelector">
    <failure type="java.lang.AssertionError" message="null">
      <![CDATA[java.lang.AssertionError: null
at com.Learning.TestCases.Imaritucs_01_CourseSelector.TC_02_CourseSelector(Imaritucs_01_CourseSelector.java:40)
at java.util.concurrent.FutureTask.run(Unknown Source)
at java.util.concurrent.ThreadPoolExecutor.runWorker(Unknown Source)
at java.util.concurrent.ThreadPoolExecutor$Worker.run(Unknown Source)
at java.lang.Thread.run(Unknown Source)
... Removed 18 stack frames]]>
    </failure>
  </testcase> <!-- TC_02_CourseSelector -->
  <testcase name="TC_03_CourseSelector" time="0.0" classname="com.Learning.TestCases.Imaritucs_01_CourseSelector">
    <ignored/>
  </testcase> <!-- TC_03_CourseSelector -->
  <testcase name="TC_04_Recommendation" time="0.0" classname="com.Learning.TestCases.Imaritucs_01_CourseSelector">
    <ignored/>
  </testcase> <!-- TC_04_Recommendation -->
</testsuite> <!-- chromeBrowser -->
