<?xml version="1.0" encoding="UTF-8"?>
<testng-results skipped="0" failed="1" ignored="2" total="4" passed="1">
  <reporter-output>
  </reporter-output>
  <suite name="Suite" duration-ms="45444" started-at="2020-07-10T14:59:33Z" finished-at="2020-07-10T15:00:18Z">
    <groups>
    </groups>
    <test name="chromeBrowser" duration-ms="45444" started-at="2020-07-10T14:59:33Z" finished-at="2020-07-10T15:00:18Z">
      <class name="com.Learning.TestCases.Imaritucs_01_CourseSelector">
        <test-method status="PASS" signature="reportSetup()[pri:0, instance:com.Learning.TestCases.Imaritucs_01_CourseSelector@cc43f62]" name="reportSetup" is-config="true" duration-ms="783" started-at="2020-07-10T14:59:32Z" finished-at="2020-07-10T14:59:33Z">
          <reporter-output>
          </reporter-output>
        </test-method> <!-- reportSetup -->
        <test-method status="PASS" signature="browserSetup(java.lang.String)[pri:0, instance:com.Learning.TestCases.Imaritucs_01_CourseSelector@cc43f62]" name="browserSetup" is-config="true" duration-ms="30801" started-at="2020-07-10T14:59:33Z" finished-at="2020-07-10T15:00:04Z">
          <params>
            <param index="0">
              <value>
                <![CDATA[chrome]]>
              </value>
            </param>
          </params>
          <reporter-output>
          </reporter-output>
        </test-method> <!-- browserSetup -->
        <test-method status="PASS" signature="TC_01_logoFunctionality()[pri:1, instance:com.Learning.TestCases.Imaritucs_01_CourseSelector@cc43f62]" name="TC_01_logoFunctionality" duration-ms="6189" started-at="2020-07-10T15:00:04Z" finished-at="2020-07-10T15:00:10Z">
          <reporter-output>
          </reporter-output>
        </test-method> <!-- TC_01_logoFunctionality -->
        <test-method status="PASS" signature="getITestReults(org.testng.ITestResult)[pri:0, instance:com.Learning.TestCases.Imaritucs_01_CourseSelector@cc43f62]" name="getITestReults" is-config="true" duration-ms="7" started-at="2020-07-10T15:00:10Z" finished-at="2020-07-10T15:00:10Z">
          <params>
            <param index="0">
              <value>
                <![CDATA[[TestResult name=TC_01_logoFunctionality status=SUCCESS method=Imaritucs_01_CourseSelector.TC_01_logoFunctionality()[pri:1, instance:com.Learning.TestCases.Imaritucs_01_CourseSelector@cc43f62] output={null}]]]>
              </value>
            </param>
          </params>
          <reporter-output>
          </reporter-output>
        </test-method> <!-- getITestReults -->
        <test-method status="FAIL" signature="TC_02_CourseSelector()[pri:2, instance:com.Learning.TestCases.Imaritucs_01_CourseSelector@cc43f62]" name="TC_02_CourseSelector" duration-ms="7193" started-at="2020-07-10T15:00:10Z" finished-at="2020-07-10T15:00:17Z">
          <exception class="java.lang.AssertionError">
            <message>
              <![CDATA[null]]>
            </message>
            <full-stacktrace>
              <![CDATA[java.lang.AssertionError: null
at org.testng.Assert.fail(Assert.java:96)
at org.testng.Assert.fail(Assert.java:103)
at com.Learning.TestCases.Imaritucs_01_CourseSelector.TC_02_CourseSelector(Imaritucs_01_CourseSelector.java:40)
at sun.reflect.NativeMethodAccessorImpl.invoke0(Native Method)
at sun.reflect.NativeMethodAccessorImpl.invoke(Unknown Source)
at sun.reflect.DelegatingMethodAccessorImpl.invoke(Unknown Source)
at java.lang.reflect.Method.invoke(Unknown Source)
at org.testng.internal.MethodInvocationHelper.invokeMethod(MethodInvocationHelper.java:124)
at org.testng.internal.Invoker.invokeMethod(Invoker.java:583)
at org.testng.internal.Invoker.invokeTestMethod(Invoker.java:719)
at org.testng.internal.Invoker.invokeTestMethods(Invoker.java:989)
at org.testng.internal.TestMethodWorker.invokeTestMethods(TestMethodWorker.java:125)
at org.testng.internal.TestMethodWorker.run(TestMethodWorker.java:109)
at org.testng.TestRunner.privateRun(TestRunner.java:648)
at org.testng.TestRunner.run(TestRunner.java:505)
at org.testng.SuiteRunner.runTest(SuiteRunner.java:455)
at org.testng.SuiteRunner.access$000(SuiteRunner.java:40)
at org.testng.SuiteRunner$SuiteWorker.run(SuiteRunner.java:489)
at org.testng.internal.thread.ThreadUtil$1.call(ThreadUtil.java:52)
at java.util.concurrent.FutureTask.run(Unknown Source)
at java.util.concurrent.ThreadPoolExecutor.runWorker(Unknown Source)
at java.util.concurrent.ThreadPoolExecutor$Worker.run(Unknown Source)
at java.lang.Thread.run(Unknown Source)
]]>
            </full-stacktrace>
          </exception> <!-- java.lang.AssertionError -->
          <reporter-output>
          </reporter-output>
        </test-method> <!-- TC_02_CourseSelector -->
        <test-method status="PASS" signature="getITestReults(org.testng.ITestResult)[pri:0, instance:com.Learning.TestCases.Imaritucs_01_CourseSelector@cc43f62]" name="getITestReults" is-config="true" duration-ms="1064" started-at="2020-07-10T15:00:17Z" finished-at="2020-07-10T15:00:18Z">
          <params>
            <param index="0">
              <value>
                <![CDATA[[TestResult name=TC_02_CourseSelector status=FAILURE method=Imaritucs_01_CourseSelector.TC_02_CourseSelector()[pri:2, instance:com.Learning.TestCases.Imaritucs_01_CourseSelector@cc43f62] output={null}]]]>
              </value>
            </param>
          </params>
          <reporter-output>
          </reporter-output>
        </test-method> <!-- getITestReults -->
        <test-method status="PASS" signature="browserEnd()[pri:0, instance:com.Learning.TestCases.Imaritucs_01_CourseSelector@cc43f62]" name="browserEnd" is-config="true" duration-ms="0" started-at="2020-07-10T15:00:18Z" finished-at="2020-07-10T15:00:18Z">
          <reporter-output>
          </reporter-output>
        </test-method> <!-- browserEnd -->
        <test-method status="FAIL" signature="reportEnd()[pri:0, instance:com.Learning.TestCases.Imaritucs_01_CourseSelector@cc43f62]" name="reportEnd" is-config="true" duration-ms="7134" started-at="2020-07-10T15:00:19Z" finished-at="2020-07-10T15:00:26Z">
          <exception class="org.apache.commons.mail.EmailException">
            <message>
              <![CDATA[Sending the email to the following server failed : smtp.gmail.com:465]]>
            </message>
            <full-stacktrace>
              <![CDATA[org.apache.commons.mail.EmailException: Sending the email to the following server failed : smtp.gmail.com:465
at org.apache.commons.mail.Email.sendMimeMessage(Email.java:1469)
at org.apache.commons.mail.Email.send(Email.java:1496)
at com.Learning.Generics.FileUtilities.sendMailReport(FileUtilities.java:151)
at com.Learning.Generics.Baseclass.reportEnd(Baseclass.java:145)
at sun.reflect.NativeMethodAccessorImpl.invoke0(Native Method)
at sun.reflect.NativeMethodAccessorImpl.invoke(Unknown Source)
at sun.reflect.DelegatingMethodAccessorImpl.invoke(Unknown Source)
at java.lang.reflect.Method.invoke(Unknown Source)
at org.testng.internal.MethodInvocationHelper.invokeMethod(MethodInvocationHelper.java:124)
at org.testng.internal.MethodInvocationHelper.invokeMethodConsideringTimeout(MethodInvocationHelper.java:59)
at org.testng.internal.Invoker.invokeConfigurationMethod(Invoker.java:458)
at org.testng.internal.Invoker.invokeConfigurations(Invoker.java:222)
at org.testng.internal.Invoker.invokeConfigurations(Invoker.java:142)
at org.testng.SuiteRunner.privateRun(SuiteRunner.java:425)
at org.testng.SuiteRunner.run(SuiteRunner.java:364)
at org.testng.SuiteRunnerWorker.runSuite(SuiteRunnerWorker.java:52)
at org.testng.SuiteRunnerWorker.run(SuiteRunnerWorker.java:84)
at org.testng.TestNG.runSuitesSequentially(TestNG.java:1208)
at org.testng.TestNG.runSuitesLocally(TestNG.java:1137)
at org.testng.TestNG.runSuites(TestNG.java:1049)
at org.testng.TestNG.run(TestNG.java:1017)
at org.testng.remote.AbstractRemoteTestNG.run(AbstractRemoteTestNG.java:115)
at org.testng.remote.RemoteTestNG.initAndRun(RemoteTestNG.java:251)
at org.testng.remote.RemoteTestNG.main(RemoteTestNG.java:77)
Caused by: javax.mail.AuthenticationFailedException: 535-5.7.8 Username and Password not accepted. Learn more at
535 5.7.8  https://support.google.com/mail/?p=BadCredentials w1sm5852135pfq.53 - gsmtp

at com.sun.mail.smtp.SMTPTransport$Authenticator.authenticate(SMTPTransport.java:932)
at com.sun.mail.smtp.SMTPTransport.authenticate(SMTPTransport.java:843)
at com.sun.mail.smtp.SMTPTransport.protocolConnect(SMTPTransport.java:748)
at javax.mail.Service.connect(Service.java:388)
at javax.mail.Service.connect(Service.java:246)
at javax.mail.Service.connect(Service.java:195)
at javax.mail.Transport.send0(Transport.java:254)
at javax.mail.Transport.send(Transport.java:124)
at org.apache.commons.mail.Email.sendMimeMessage(Email.java:1459)
... 23 more
]]>
            </full-stacktrace>
          </exception> <!-- org.apache.commons.mail.EmailException -->
          <reporter-output>
          </reporter-output>
        </test-method> <!-- reportEnd -->
      </class> <!-- com.Learning.TestCases.Imaritucs_01_CourseSelector -->
    </test> <!-- chromeBrowser -->
  </suite> <!-- Suite -->
</testng-results>
