<?xml version="1.0" encoding="UTF-8"?>
<!-- Generated by org.testng.reporters.JUnitReportReporter -->
<testsuite skipped="1" hostname="hp" name="com.Learning.TestCases.Imarticus_02_CIBOP_Program" tests="17" failures="0" timestamp="15 Jun 2020 10:26:34 GMT" time="338.699" errors="1">
  <testcase name="TC_05_InvestmentBankingOperation" time="9.617" classname="com.Learning.TestCases.Imarticus_02_CIBOP_Program"/>
  <testcase name="TC_06_enterTheCIBOPForm" time="19.586" classname="com.Learning.TestCases.Imarticus_02_CIBOP_Program"/>
  <testcase name="TC_07_DownlaodBrochure" time="37.204" classname="com.Learning.TestCases.Imarticus_02_CIBOP_Program"/>
  <testcase name="TC_08_ViewBatch" time="4.193" classname="com.Learning.TestCases.Imarticus_02_CIBOP_Program"/>
  <testcase name="TC_09_DownlaodPlacementReport" time="17.223" classname="com.Learning.TestCases.Imarticus_02_CIBOP_Program"/>
  <testcase name="TC_10_DownloadPlacementReport" time="26.972" classname="com.Learning.TestCases.Imarticus_02_CIBOP_Program"/>
  <testcase name="TC_11_ViewDeatailedCurriculam" time="10.501" classname="com.Learning.TestCases.Imarticus_02_CIBOP_Program"/>
  <testcase name="TC_12_DownlaodBrochure2" time="17.797" classname="com.Learning.TestCases.Imarticus_02_CIBOP_Program"/>
  <testcase name="TC_13_SEEYOURSELFASONEOFTHESEPROFESSIONALSSIGNUP" time="21.179" classname="com.Learning.TestCases.Imarticus_02_CIBOP_Program"/>
  <testcase name="TC_14_Enroll_1" time="20.436" classname="com.Learning.TestCases.Imarticus_02_CIBOP_Program"/>
  <testcase name="TC_15_Enroll_2" time="27.925" classname="com.Learning.TestCases.Imarticus_02_CIBOP_Program"/>
  <testcase name="TC_16_StudentSaid" time="2.752" classname="com.Learning.TestCases.Imarticus_02_CIBOP_Program"/>
  <testcase name="TC_17_StarYourSuccessStory" time="25.432" classname="com.Learning.TestCases.Imarticus_02_CIBOP_Program"/>
  <testcase name="TC_19_CentreOfExcellence" time="18.068" classname="com.Learning.TestCases.Imarticus_02_CIBOP_Program"/>
  <testcase name="TC_20_ExploreCourse" time="9.760" classname="com.Learning.TestCases.Imarticus_02_CIBOP_Program"/>
  <testcase name="TC_21_SpeakToAnExpert" time="70.054" classname="com.Learning.TestCases.Imarticus_02_CIBOP_Program">
    <error type="org.openqa.selenium.NoSuchElementException" message="no such element: Unable to locate element: {&quot;method&quot;:&quot;xpath&quot;,&quot;selector&quot;:&quot;//button[@class=&#039;styles-ConfirmButton__cls1___1Xg-U styles-ConfirmButton__selected___3X568 styles-SpotButton__cls1___2vImR BareButton__cls1___1Qg-r index-UnstyledButton__cls1___2zIir confirm-button-enter-done&#039;]&quot;}
  (Session info: chrome=83.0.4103.97)
For documentation on this error, please visit: https://www.seleniumhq.org/exceptions/no_such_element.html
Build info: version: &#039;3.141.59&#039;, revision: &#039;e82be7d358&#039;, time: &#039;2018-11-14T08:17:03&#039;
System info: host: &#039;HP&#039;, ip: &#039;192.168.43.117&#039;, os.name: &#039;Windows 10&#039;, os.arch: &#039;amd64&#039;, os.version: &#039;10.0&#039;, java.version: &#039;1.8.0_231&#039;
Driver info: org.openqa.selenium.chrome.ChromeDriver
Capabilities {acceptInsecureCerts: false, browserName: chrome, browserVersion: 83.0.4103.97, chrome: {chromedriverVersion: 83.0.4103.39 (ccbf011cb2d2b..., userDataDir: C:\Users\SANTHO~1\AppData\L...}, goog:chromeOptions: {debuggerAddress: localhost:50752}, javascriptEnabled: true, networkConnectionEnabled: false, pageLoadStrategy: normal, platform: WINDOWS, platformName: WINDOWS, proxy: Proxy(), setWindowRect: true, strictFileInteractability: false, timeouts: {implicit: 0, pageLoad: 300000, script: 30000}, unhandledPromptBehavior: dismiss and notify, webauthn:virtualAuthenticators: true}
Session ID: 933dd5786ae12c33bb3e165a9ace186f
*** Element info: {Using=xpath, value=//button[@class=&#039;styles-ConfirmButton__cls1___1Xg-U styles-ConfirmButton__selected___3X568 styles-SpotButton__cls1___2vImR BareButton__cls1___1Qg-r index-UnstyledButton__cls1___2zIir confirm-button-enter-done&#039;]}">
      <![CDATA[org.openqa.selenium.NoSuchElementException: no such element: Unable to locate element: {"method":"xpath","selector":"//button[@class='styles-ConfirmButton__cls1___1Xg-U styles-ConfirmButton__selected___3X568 styles-SpotButton__cls1___2vImR BareButton__cls1___1Qg-r index-UnstyledButton__cls1___2zIir confirm-button-enter-done']"}
  (Session info: chrome=83.0.4103.97)
For documentation on this error, please visit: https://www.seleniumhq.org/exceptions/no_such_element.html
Build info: version: '3.141.59', revision: 'e82be7d358', time: '2018-11-14T08:17:03'
System info: host: 'HP', ip: '192.168.43.117', os.name: 'Windows 10', os.arch: 'amd64', os.version: '10.0', java.version: '1.8.0_231'
Driver info: org.openqa.selenium.chrome.ChromeDriver
Capabilities {acceptInsecureCerts: false, browserName: chrome, browserVersion: 83.0.4103.97, chrome: {chromedriverVersion: 83.0.4103.39 (ccbf011cb2d2b..., userDataDir: C:\Users\SANTHO~1\AppData\L...}, goog:chromeOptions: {debuggerAddress: localhost:50752}, javascriptEnabled: true, networkConnectionEnabled: false, pageLoadStrategy: normal, platform: WINDOWS, platformName: WINDOWS, proxy: Proxy(), setWindowRect: true, strictFileInteractability: false, timeouts: {implicit: 0, pageLoad: 300000, script: 30000}, unhandledPromptBehavior: dismiss and notify, webauthn:virtualAuthenticators: true}
Session ID: 933dd5786ae12c33bb3e165a9ace186f
*** Element info: {Using=xpath, value=//button[@class='styles-ConfirmButton__cls1___1Xg-U styles-ConfirmButton__selected___3X568 styles-SpotButton__cls1___2vImR BareButton__cls1___1Qg-r index-UnstyledButton__cls1___2zIir confirm-button-enter-done']}
at sun.reflect.NativeConstructorAccessorImpl.newInstance0(Native Method)
at sun.reflect.NativeConstructorAccessorImpl.newInstance(Unknown Source)
at sun.reflect.DelegatingConstructorAccessorImpl.newInstance(Unknown Source)
at java.lang.reflect.Constructor.newInstance(Unknown Source)
at org.openqa.selenium.remote.http.W3CHttpResponseCodec.createException(W3CHttpResponseCodec.java:187)
at org.openqa.selenium.remote.http.W3CHttpResponseCodec.decode(W3CHttpResponseCodec.java:122)
at org.openqa.selenium.remote.http.W3CHttpResponseCodec.decode(W3CHttpResponseCodec.java:49)
at org.openqa.selenium.remote.HttpCommandExecutor.execute(HttpCommandExecutor.java:158)
at org.openqa.selenium.remote.service.DriverCommandExecutor.execute(DriverCommandExecutor.java:83)
at org.openqa.selenium.remote.RemoteWebDriver.execute(RemoteWebDriver.java:552)
at org.openqa.selenium.remote.RemoteWebDriver.findElement(RemoteWebDriver.java:323)
at org.openqa.selenium.remote.RemoteWebDriver.findElementByXPath(RemoteWebDriver.java:428)
at org.openqa.selenium.By$ByXPath.findElement(By.java:353)
at org.openqa.selenium.remote.RemoteWebDriver.findElement(RemoteWebDriver.java:315)
at org.openqa.selenium.support.pagefactory.DefaultElementLocator.findElement(DefaultElementLocator.java:69)
at org.openqa.selenium.support.pagefactory.internal.LocatingElementHandler.invoke(LocatingElementHandler.java:38)
at com.sun.proxy.$Proxy31.click(Unknown Source)
at com.Learning.PageObjectRepository.CalendyPage.clickOnConfirm(CalendyPage.java:62)
at com.Learning.TestCases.Imarticus_02_CIBOP_Program.TC_21_SpeakToAnExpert(Imarticus_02_CIBOP_Program.java:780)
at sun.reflect.NativeMethodAccessorImpl.invoke0(Native Method)
at sun.reflect.NativeMethodAccessorImpl.invoke(Unknown Source)
at sun.reflect.DelegatingMethodAccessorImpl.invoke(Unknown Source)
at java.lang.reflect.Method.invoke(Unknown Source)
at org.testng.internal.MethodInvocationHelper.invokeMethod(MethodInvocationHelper.java:124)
at org.testng.internal.Invoker.invokeMethod(Invoker.java:583)
at org.testng.internal.Invoker.invokeTestMethod(Invoker.java:719)
at org.testng.internal.Invoker.invokeTestMethods(Invoker.java:989)
at org.testng.internal.TestMethodWorker.invokeTestMethods(TestMethodWorker.java:125)
at org.testng.internal.TestMethodWorker.run(TestMethodWorker.java:109)
at org.testng.TestRunner.privateRun(TestRunner.java:648)
at org.testng.TestRunner.run(TestRunner.java:505)
at org.testng.SuiteRunner.runTest(SuiteRunner.java:455)
at org.testng.SuiteRunner.access$000(SuiteRunner.java:40)
at org.testng.SuiteRunner$SuiteWorker.run(SuiteRunner.java:489)
at org.testng.internal.thread.ThreadUtil$1.call(ThreadUtil.java:52)
at java.util.concurrent.FutureTask.run(Unknown Source)
at java.util.concurrent.ThreadPoolExecutor.runWorker(Unknown Source)
at java.util.concurrent.ThreadPoolExecutor$Worker.run(Unknown Source)
at java.lang.Thread.run(Unknown Source)
]]>
    </error>
  </testcase> <!-- TC_21_SpeakToAnExpert -->
  <testcase name="TC_18_Resources" classname="com.Learning.TestCases.Imarticus_02_CIBOP_Program">
    <skipped/>
  </testcase> <!-- TC_18_Resources -->
</testsuite> <!-- com.Learning.TestCases.Imarticus_02_CIBOP_Program -->
